<?xml version="1.0" encoding="UTF-8"?>
<!-- Generated by org.testng.reporters.JUnitReportReporter -->
<testsuite hostname="DESKTOP-878GRJ6" failures="0" tests="3" name="com.sddevops.selenium_GA.NewTest" time="0.733" errors="0" timestamp="11 Aug 2024 08:45:42 GMT">
  <testcase classname="com.sddevops.selenium_GA.NewTest" name="checkNavigationForAcrossPages" time="0.564"/>
  <testcase classname="com.sddevops.selenium_GA.NewTest" name="findById" time="0.096"/>
  <testcase classname="com.sddevops.selenium_GA.NewTest" name="checkTitle" time="0.073"/>
</testsuite> <!-- com.sddevops.selenium_GA.NewTest -->
